PartOne/app/build/outputs/logs/manifest-merger-debug-report.txt
-- Merging decision tree log ---
manifest
ADDED from src/main/AndroidManifest.xml:2:1-38:12
	xmlns:android
		ADDED from src/main/AndroidManifest.xml:2:11-69
	package
		ADDED from src/main/AndroidManifest.xml:3:5-37
		INJECTED from src/main/AndroidManifest.xml
		INJECTED from src/main/AndroidManifest.xml
	android:versionName
		INJECTED from src/main/AndroidManifest.xml
		INJECTED from src/main/AndroidManifest.xml
	android:versionCode
		INJECTED from src/main/AndroidManifest.xml
		INJECTED from src/main/AndroidManifest.xml
uses-permission#android.permission.VIBRATE
ADDED from src/main/AndroidManifest.xml:4:5-82
	android:name
		ADDED from src/main/AndroidManifest.xml:4:22-63
application
ADDED from src/main/AndroidManifest.xml:6:5-36:19
MERGED from [com.android.support:appcompat-v7:23.0.1] AndroidManifest.xml:22:5-20
MERGED from [com.android.support:support-v4:23.0.1] AndroidManifest.xml:22:5-20
	android:label
		ADDED from src/main/AndroidManifest.xml:9:9-41
	android:allowBackup
		ADDED from src/main/AndroidManifest.xml:7:9-35
	android:icon
		ADDED from src/main/AndroidManifest.xml:8:9-43
	android:theme
		ADDED from src/main/AndroidManifest.xml:10:9-40
activity#ch.ethz.inf.vs.partone.MainActivity
ADDED from src/main/AndroidManifest.xml:11:9-19:20
	android:label
		ADDED from src/main/AndroidManifest.xml:13:13-45
	android:name
		ADDED from src/main/AndroidManifest.xml:12:13-41
intent-filter#android.intent.action.MAIN+android.intent.category.LAUNCHER
ADDED from src/main/AndroidManifest.xml:14:13-18:29
action#android.intent.action.MAIN
ADDED from src/main/AndroidManifest.xml:15:17-69
	android:name
		ADDED from src/main/AndroidManifest.xml:15:25-66
category#android.intent.category.LAUNCHER
ADDED from src/main/AndroidManifest.xml:17:17-77
	android:name
		ADDED from src/main/AndroidManifest.xml:17:27-74
activity#ch.ethz.inf.vs.partone.SensorActivity2
ADDED from src/main/AndroidManifest.xml:20:9-27:20
	android:label
		ADDED from src/main/AndroidManifest.xml:22:13-59
	android:parentActivityName
		ADDED from src/main/AndroidManifest.xml:23:13-55
	android:name
		ADDED from src/main/AndroidManifest.xml:21:13-44
meta-data#android.support.PARENT_ACTIVITY
ADDED from src/main/AndroidManifest.xml:24:13-26:71
	android:name
		ADDED from src/main/AndroidManifest.xml:25:17-63
	android:value
		ADDED from src/main/AndroidManifest.xml:26:17-68
activity#ch.ethz.inf.vs.partone.ActuatorsActivity
ADDED from src/main/AndroidManifest.xml:28:9-35:20
	android:label
		ADDED from src/main/AndroidManifest.xml:30:13-61
	android:parentActivityName
		ADDED from src/main/AndroidManifest.xml:31:13-55
	android:name
		ADDED from src/main/AndroidManifest.xml:29:13-46
uses-sdk
INJECTED from src/main/AndroidManifest.xml reason: use-sdk injection requested
MERGED from [com.android.support:appcompat-v7:23.0.1] AndroidManifest.xml:20:5-43
MERGED from [com.android.support:support-v4:23.0.1] AndroidManifest.xml:20:5-43
	android:targetSdkVersion
		INJECTED from src/main/AndroidManifest.xml
		INJECTED from src/main/AndroidManifest.xml
	android:minSdkVersion
		INJECTED from src/main/AndroidManifest.xml
		INJECTED from src/main/AndroidManifest.xml